*** Using Compiler 'V5.06 update 7 (build 960)', folder: 'D:\Keil_v5\ARM\ARMCC\Bin'
Build target 'freertos3'
assembling startup_stm32f103xb.s...
compiling gpio.c...
compiling stm32f1xx_it.c...
compiling stm32f1xx_hal_msp.c...
compiling stm32f1xx_hal_timebase_tim.c...
compiling main.c...
compiling freertos.c...
compiling stm32f1xx_hal_gpio_ex.c...
compiling stm32f1xx_hal.c...
compiling stm32f1xx_hal_rcc_ex.c...
compiling stm32f1xx_hal_tim.c...
compiling stm32f1xx_hal_gpio.c...
compiling stm32f1xx_hal_tim_ex.c...
compiling stm32f1xx_hal_rcc.c...
compiling stm32f1xx_hal_dma.c...
compiling croutine.c...
compiling stm32f1xx_hal_cortex.c...
compiling list.c...
compiling event_groups.c...
compiling stm32f1xx_hal_pwr.c...
compiling stm32f1xx_hal_flash.c...
compiling stm32f1xx_hal_flash_ex.c...
compiling stm32f1xx_hal_exti.c...
compiling stream_buffer.c...
compiling queue.c...
compiling timers.c...
compiling system_stm32f1xx.c...
compiling tasks.c...
compiling heap_4.c...
compiling port.c...
compiling cmsis_os2.c...
linking...
Program Size: Code=10124 RO-data=360 RW-data=148 ZI-data=8060  
FromELF: creating hex file...
"freertos3\freertos3.axf" - 0 Error(s), 0 Warning(s).
Build Time Elapsed:  00:01:57
