*** Using Compiler 'V5.06 update 6 (build 750)', folder: 'D:\Keil_v5\ARM\ARMCC\Bin'
Build target 'UART+DMA'
assembling startup_stm32f103xb.s...
compiling stm32f1xx_hal_msp.c...
compiling dma.c...
compiling usart.c...
compiling main.c...
compiling stm32f1xx_it.c...
compiling tim.c...
compiling gpio.c...
compiling stm32f1xx_hal_gpio_ex.c...
compiling stm32f1xx_hal_rcc.c...
compiling stm32f1xx_hal.c...
compiling stm32f1xx_hal_tim_ex.c...
compiling stm32f1xx_hal_rcc_ex.c...
compiling stm32f1xx_hal_gpio.c...
compiling stm32f1xx_hal_tim.c...
compiling stm32f1xx_hal_dma.c...
compiling stm32f1xx_hal_cortex.c...
compiling stm32f1xx_hal_pwr.c...
compiling stm32f1xx_hal_flash_ex.c...
compiling stm32f1xx_hal_exti.c...
compiling stm32f1xx_hal_flash.c...
compiling system_stm32f1xx.c...
compiling stm32f1xx_hal_uart.c...
linking...
Program Size: Code=6964 RO-data=312 RW-data=20 ZI-data=2172  
FromELF: creating hex file...
"UART+DMA\UART+DMA.axf" - 0 Error(s), 0 Warning(s).
Build Time Elapsed:  00:00:54
