*** Using Compiler 'V5.06 update 6 (build 750)', folder: 'D:\Keil_v5\ARM\ARMCC\Bin'
Build target 'CyclicBuffer'
assembling startup_stm32f103xb.s...
compiling main.c...
../Core/Src/main.c(96): error:  #20: identifier "hdma_usart1_rx" is undefined
    __HAL_DMA_DISABLE_IT(&hdma_usart1_rx, DMA_IT_HT);
../Core/Src/main.c: 0 warnings, 1 error
compiling stm32f1xx_hal_gpio_ex.c...
compiling dma.c...
compiling stm32f1xx_hal_msp.c...
compiling gpio.c...
compiling usart.c...
compiling stm32f1xx_it.c...
compiling stm32f1xx_hal_rcc_ex.c...
compiling stm32f1xx_hal_gpio.c...
compiling stm32f1xx_hal_uart.c...
compiling stm32f1xx_hal.c...
compiling stm32f1xx_hal_cortex.c...
compiling stm32f1xx_hal_dma.c...
compiling stm32f1xx_hal_rcc.c...
compiling stm32f1xx_hal_pwr.c...
compiling stm32f1xx_hal_flash.c...
compiling command.c...
compiling system_stm32f1xx.c...
compiling stm32f1xx_hal_flash_ex.c...
compiling stm32f1xx_hal_exti.c...
"CyclicBuffer\CyclicBuffer.axf" - 1 Error(s), 0 Warning(s).
Target not created.
Build Time Elapsed:  00:00:06
